<?xml version="1.0" encoding="UTF-8"?>
<!-- Generated by org.testng.reporters.JUnitXMLReporter -->
<testsuite ignored="2" hostname="DESKTOP-K5OA249" failures="0" tests="4" name="Surefire test" time="32.524" errors="0" timestamp="2025-09-10T12:58:15 IST">
  <testcase classname="Campaign.CampaignTest" name="toCreateCampaignWithExpDateTest" time="3.689"/>
  <testcase classname="Campaign.CampaignTest" name="toCreateCampaignWithMandatoryFieldsTest" time="1.745"/>
  <testcase classname="Campaign.CampaignTest" name="toCreateCampaignWithStatusTest" time="2.055"/>
  <testcase classname="Product.ProductTest" name="toCreateProductTest" time="4.835"/>
  <testcase classname="BaseTest.BaseClass" name="@BeforeSuite beforeSuite" time="0.0">
    <ignored/>
  </testcase> <!-- @BeforeSuite beforeSuite -->
  <testcase classname="BaseTest.BaseClass" name="@AfterSuite afterSuite" time="0.0">
    <ignored/>
  </testcase> <!-- @AfterSuite afterSuite -->
</testsuite> <!-- Surefire test -->
