<?xml version="1.0" encoding="UTF-8"?>
<!-- Generated by org.testng.reporters.JUnitXMLReporter -->
<testsuite ignored="2" hostname="DESKTOP-BQ7QMP0" failures="0" tests="4" name="Surefire test" time="25.763" errors="0" timestamp="2025-08-04T21:30:28 IST">
  <testcase classname="Campaign.CampaignTest" name="toCreateCampaignWithExpDateTest" time="2.764"/>
  <testcase classname="Campaign.CampaignTest" name="toCreateCampaignWithMandatoryFieldsTest" time="1.649"/>
  <testcase classname="Campaign.CampaignTest" name="toCreateCampaignWithStatusTest" time="1.611"/>
  <testcase classname="Product.ProductTest" name="toCreateProductTest" time="3.862"/>
  <testcase classname="BaseTest.BaseClass" name="@BeforeSuite beforeSuite" time="0.0">
    <ignored/>
  </testcase> <!-- @BeforeSuite beforeSuite -->
  <testcase classname="BaseTest.BaseClass" name="@AfterSuite afterSuite" time="0.0">
    <ignored/>
  </testcase> <!-- @AfterSuite afterSuite -->
</testsuite> <!-- Surefire test -->
