<?xml version="1.0" encoding="UTF-8"?>
<!-- Generated by org.testng.reporters.JUnitXMLReporter -->
<testsuite ignored="5" hostname="DESKTOP-BQ7QMP0" failures="0" tests="1" name="Test" time="10.193" errors="0" timestamp="2025-07-28T19:44:38 IST">
  <testcase classname="Campaign.CampaignTest" name="toCreateCampaignWithExpDateTest" time="2.768"/>
  <testcase classname="Product.ProductTest" name="toCreateProductTest" time="0.0">
    <ignored/>
  </testcase> <!-- toCreateProductTest -->
  <testcase classname="Campaign.CampaignTest" name="toCreateCampaignWithMandatoryFieldsTest" time="0.0">
    <ignored/>
  </testcase> <!-- toCreateCampaignWithMandatoryFieldsTest -->
  <testcase classname="BaseTest.BaseClass" name="@BeforeSuite beforeSuite" time="0.0">
    <ignored/>
  </testcase> <!-- @BeforeSuite beforeSuite -->
  <testcase classname="Campaign.CampaignTest" name="toCreateCampaignWithStatusTest" time="0.0">
    <ignored/>
  </testcase> <!-- toCreateCampaignWithStatusTest -->
  <testcase classname="BaseTest.BaseClass" name="@AfterSuite afterSuite" time="0.0">
    <ignored/>
  </testcase> <!-- @AfterSuite afterSuite -->
</testsuite> <!-- Test -->
