<?xml version="1.0" encoding="UTF-8"?>
<!-- Generated by org.testng.reporters.JUnitXMLReporter -->
<testsuite ignored="2" hostname="DESKTOP-K5OA249" failures="0" tests="4" name="Test" time="52.533" errors="0" timestamp="2025-09-19T12:04:50 IST">
  <testcase classname="Product.ProductTest" name="toCreateProductTest" time="4.56"/>
  <testcase classname="Campaign.CampaignTest" name="toCreateCampaignWithExpDateTest" time="1.678"/>
  <testcase classname="Campaign.CampaignTest" name="toCreateCampaignWithMandatoryFieldsTest" time="1.212"/>
  <testcase classname="Campaign.CampaignTest" name="toCreateCampaignWithStatusTest" time="1.391"/>
  <testcase classname="BaseTest.BaseClass" name="@AfterSuite afterSuite" time="0.0">
    <ignored/>
  </testcase> <!-- @AfterSuite afterSuite -->
  <testcase classname="BaseTest.BaseClass" name="@BeforeSuite beforeSuite" time="0.0">
    <ignored/>
  </testcase> <!-- @BeforeSuite beforeSuite -->
</testsuite> <!-- Test -->
