<?xml version="1.0" encoding="UTF-8"?>
<!-- Generated by org.testng.reporters.JUnitXMLReporter -->
<testsuite ignored="2" hostname="DESKTOP-BQ7QMP0" failures="0" tests="4" name="Test" time="30.518" errors="0" timestamp="2025-08-04T19:58:21 IST">
  <testcase classname="Product.ProductTest" name="toCreateProductTest" time="5.881"/>
  <testcase classname="Campaign.CampaignTest" name="toCreateCampaignWithExpDateTest" time="1.987"/>
  <testcase classname="Campaign.CampaignTest" name="toCreateCampaignWithMandatoryFieldsTest" time="1.638"/>
  <testcase classname="Campaign.CampaignTest" name="toCreateCampaignWithStatusTest" time="1.84"/>
  <testcase classname="BaseTest.BaseClass" name="@BeforeSuite beforeSuite" time="0.0">
    <ignored/>
  </testcase> <!-- @BeforeSuite beforeSuite -->
  <testcase classname="BaseTest.BaseClass" name="@AfterSuite afterSuite" time="0.0">
    <ignored/>
  </testcase> <!-- @AfterSuite afterSuite -->
</testsuite> <!-- Test -->
