<?xml version="1.0" encoding="UTF-8"?>
<testng-results ignored="0" total="4" passed="4" failed="0" skipped="0">
  <reporter-output>
  </reporter-output>
  <suite started-at="2025-09-10T12:57:42 IST" name="Surefire suite" finished-at="2025-09-10T12:58:15 IST" duration-ms="32524">
    <groups>
      <group name="regression">
        <method signature="CampaignTest.toCreateCampaignWithExpDateTest()[pri:0, instance:Campaign.CampaignTest@481a996b]" name="toCreateCampaignWithExpDateTest" class="Campaign.CampaignTest"/>
      </group> <!-- regression -->
      <group name="smoke">
        <method signature="CampaignTest.toCreateCampaignWithMandatoryFieldsTest()[pri:0, instance:Campaign.CampaignTest@481a996b]" name="toCreateCampaignWithMandatoryFieldsTest" class="Campaign.CampaignTest"/>
        <method signature="CampaignTest.toCreateCampaignWithStatusTest()[pri:0, instance:Campaign.CampaignTest@481a996b]" name="toCreateCampaignWithStatusTest" class="Campaign.CampaignTest"/>
        <method signature="ProductTest.toCreateProductTest()[pri:0, instance:Product.ProductTest@41fbdac4]" name="toCreateProductTest" class="Product.ProductTest"/>
      </group> <!-- smoke -->
    </groups>
    <test started-at="2025-09-10T12:57:42 IST" name="Surefire test" finished-at="2025-09-10T12:58:15 IST" duration-ms="32524">
      <class name="Product.ProductTest">
        <test-method is-config="true" signature="beforeClass()[pri:0, instance:Product.ProductTest@41fbdac4]" started-at="2025-09-10T12:58:06 IST" name="beforeClass" finished-at="2025-09-10T12:58:07 IST" duration-ms="1020" status="PASS">
          <reporter-output>
          </reporter-output>
        </test-method> <!-- beforeClass -->
        <test-method is-config="true" signature="beforeMethod()[pri:0, instance:Product.ProductTest@41fbdac4]" started-at="2025-09-10T12:58:07 IST" name="beforeMethod" finished-at="2025-09-10T12:58:08 IST" duration-ms="1016" status="PASS">
          <reporter-output>
          </reporter-output>
        </test-method> <!-- beforeMethod -->
        <test-method signature="toCreateProductTest()[pri:0, instance:Product.ProductTest@41fbdac4]" started-at="2025-09-10T12:58:08 IST" name="toCreateProductTest" finished-at="2025-09-10T12:58:13 IST" duration-ms="4835" status="PASS">
          <reporter-output>
          </reporter-output>
        </test-method> <!-- toCreateProductTest -->
        <test-method is-config="true" signature="afterMethod()[pri:0, instance:Product.ProductTest@41fbdac4]" started-at="2025-09-10T12:58:13 IST" name="afterMethod" finished-at="2025-09-10T12:58:14 IST" duration-ms="975" status="PASS">
          <reporter-output>
          </reporter-output>
        </test-method> <!-- afterMethod -->
        <test-method is-config="true" signature="afterClass()[pri:0, instance:Product.ProductTest@41fbdac4]" started-at="2025-09-10T12:58:14 IST" name="afterClass" finished-at="2025-09-10T12:58:15 IST" duration-ms="468" status="PASS">
          <reporter-output>
          </reporter-output>
        </test-method> <!-- afterClass -->
      </class> <!-- Product.ProductTest -->
      <class name="Campaign.CampaignTest">
        <test-method is-config="true" signature="beforeSuite()[pri:0, instance:Campaign.CampaignTest@481a996b]" started-at="2025-09-10T12:57:42 IST" name="beforeSuite" finished-at="2025-09-10T12:57:42 IST" duration-ms="27" status="PASS">
          <reporter-output>
          </reporter-output>
        </test-method> <!-- beforeSuite -->
        <test-method is-config="true" signature="beforeClass()[pri:0, instance:Campaign.CampaignTest@481a996b]" started-at="2025-09-10T12:57:42 IST" name="beforeClass" finished-at="2025-09-10T12:57:49 IST" duration-ms="6803" status="PASS">
          <reporter-output>
          </reporter-output>
        </test-method> <!-- beforeClass -->
        <test-method is-config="true" signature="beforeMethod()[pri:0, instance:Campaign.CampaignTest@481a996b]" started-at="2025-09-10T12:57:49 IST" name="beforeMethod" finished-at="2025-09-10T12:57:51 IST" duration-ms="2320" status="PASS">
          <reporter-output>
          </reporter-output>
        </test-method> <!-- beforeMethod -->
        <test-method signature="toCreateCampaignWithExpDateTest()[pri:0, instance:Campaign.CampaignTest@481a996b]" started-at="2025-09-10T12:57:51 IST" name="toCreateCampaignWithExpDateTest" finished-at="2025-09-10T12:57:55 IST" duration-ms="3689" status="PASS">
          <reporter-output>
          </reporter-output>
        </test-method> <!-- toCreateCampaignWithExpDateTest -->
        <test-method is-config="true" signature="afterMethod()[pri:0, instance:Campaign.CampaignTest@481a996b]" started-at="2025-09-10T12:57:55 IST" name="afterMethod" finished-at="2025-09-10T12:57:56 IST" duration-ms="1030" status="PASS">
          <reporter-output>
          </reporter-output>
        </test-method> <!-- afterMethod -->
        <test-method is-config="true" signature="beforeMethod()[pri:0, instance:Campaign.CampaignTest@481a996b]" started-at="2025-09-10T12:57:56 IST" name="beforeMethod" finished-at="2025-09-10T12:57:57 IST" duration-ms="1300" status="PASS">
          <reporter-output>
          </reporter-output>
        </test-method> <!-- beforeMethod -->
        <test-method signature="toCreateCampaignWithMandatoryFieldsTest()[pri:0, instance:Campaign.CampaignTest@481a996b]" started-at="2025-09-10T12:57:57 IST" name="toCreateCampaignWithMandatoryFieldsTest" finished-at="2025-09-10T12:57:59 IST" duration-ms="1745" status="PASS">
          <reporter-output>
          </reporter-output>
        </test-method> <!-- toCreateCampaignWithMandatoryFieldsTest -->
        <test-method is-config="true" signature="afterMethod()[pri:0, instance:Campaign.CampaignTest@481a996b]" started-at="2025-09-10T12:57:59 IST" name="afterMethod" finished-at="2025-09-10T12:58:00 IST" duration-ms="905" status="PASS">
          <reporter-output>
          </reporter-output>
        </test-method> <!-- afterMethod -->
        <test-method is-config="true" signature="beforeMethod()[pri:0, instance:Campaign.CampaignTest@481a996b]" started-at="2025-09-10T12:58:00 IST" name="beforeMethod" finished-at="2025-09-10T12:58:02 IST" duration-ms="1394" status="PASS">
          <reporter-output>
          </reporter-output>
        </test-method> <!-- beforeMethod -->
        <test-method signature="toCreateCampaignWithStatusTest()[pri:0, instance:Campaign.CampaignTest@481a996b]" started-at="2025-09-10T12:58:02 IST" name="toCreateCampaignWithStatusTest" finished-at="2025-09-10T12:58:04 IST" duration-ms="2055" status="PASS">
          <reporter-output>
          </reporter-output>
        </test-method> <!-- toCreateCampaignWithStatusTest -->
        <test-method is-config="true" signature="afterMethod()[pri:0, instance:Campaign.CampaignTest@481a996b]" started-at="2025-09-10T12:58:04 IST" name="afterMethod" finished-at="2025-09-10T12:58:06 IST" duration-ms="2076" status="PASS">
          <reporter-output>
          </reporter-output>
        </test-method> <!-- afterMethod -->
        <test-method is-config="true" signature="afterClass()[pri:0, instance:Campaign.CampaignTest@481a996b]" started-at="2025-09-10T12:58:06 IST" name="afterClass" finished-at="2025-09-10T12:58:06 IST" duration-ms="779" status="PASS">
          <reporter-output>
          </reporter-output>
        </test-method> <!-- afterClass -->
        <test-method is-config="true" signature="afterSuite()[pri:0, instance:Campaign.CampaignTest@481a996b]" started-at="2025-09-10T12:58:15 IST" name="afterSuite" finished-at="2025-09-10T12:58:15 IST" duration-ms="2" status="PASS">
          <reporter-output>
          </reporter-output>
        </test-method> <!-- afterSuite -->
      </class> <!-- Campaign.CampaignTest -->
    </test> <!-- Surefire test -->
  </suite> <!-- Surefire suite -->
</testng-results>
