<?xml version="1.0" encoding="UTF-8"?>
<testsuite xmlns:xsi="http://www.w3.org/2001/XMLSchema-instance" xsi:noNamespaceSchemaLocation="https://maven.apache.org/surefire/maven-surefire-plugin/xsd/surefire-test-report-3.0.xsd" version="3.0" name="TestSuite" time="35.414" tests="4" errors="0" skipped="0" failures="0">
  <properties>
[...]
</properties>
  <testcase name="toCreateCampaignWithExpDateTest" classname="Campaign.CampaignTest" time="3.666">
    <system-out><![CDATA[Report Configuration
DB connectivity open
launching browser
login
]]></system-out>
    <system-err><![CDATA[SLF4J(W): No SLF4J providers were found.
SLF4J(W): Defaulting to no-operation (NOP) logger implementation
SLF4J(W): See https://www.slf4j.org/codes.html#noProviders for further details.
Sept 10, 2025 12:57:49 PM org.openqa.selenium.devtools.CdpVersionFinder findNearestMatch
WARNING: Unable to find an exact match for CDP version 139, returning the closest version; found: 135; Please update to a Selenium version that supports CDP version 139
]]></system-err>
  </testcase>
  <testcase name="toCreateCampaignWithMandatoryFieldsTest" classname="Campaign.CampaignTest" time="1.748">
    <system-out><![CDATA[logout
login
]]></system-out>
  </testcase>
  <testcase name="toCreateCampaignWithStatusTest" classname="Campaign.CampaignTest" time="2.055">
    <system-out><![CDATA[logout
login
]]></system-out>
  </testcase>
  <testcase name="toCreateProductTest" classname="Product.ProductTest" time="4.835">
    <system-out><![CDATA[logout
closing browser
launching browser
login
]]></system-out>
    <system-err><![CDATA[Sept 10, 2025 12:58:07 PM org.openqa.selenium.devtools.CdpVersionFinder findNearestMatch
WARNING: Unable to find an exact match for CDP version 139, returning the closest version; found: 135; Please update to a Selenium version that supports CDP version 139
]]></system-err>
  </testcase>
</testsuite>