<?xml version="1.0" encoding="UTF-8"?>
<testsuite xmlns:xsi="http://www.w3.org/2001/XMLSchema-instance" xsi:noNamespaceSchemaLocation="https://maven.apache.org/surefire/maven-surefire-plugin/xsd/surefire-test-report-3.0.xsd" version="3.0" name="TestSuite" time="28.14" tests="4" errors="0" skipped="0" failures="0">
  <properties>
[...]
</properties>
  <testcase name="toCreateCampaignWithExpDateTest" classname="Campaign.CampaignTest" time="2.751">
    <system-out><![CDATA[Report Configuration
DB connectivity open
launching browser
login
]]></system-out>
    <system-err><![CDATA[SLF4J: Failed to load class "org.slf4j.impl.StaticLoggerBinder".
SLF4J: Defaulting to no-operation (NOP) logger implementation
SLF4J: See http://www.slf4j.org/codes.html#StaticLoggerBinder for further details.
Aug 04, 2025 9:30:03 PM org.openqa.selenium.manager.SeleniumManager lambda$runCommand$1
WARNING: There was an error managing msedgedriver (error sending request for url (https://msedgedriver.azureedge.net/LATEST_RELEASE_138_WINDOWS)); using driver found in the cache
Aug 04, 2025 9:30:05 PM org.openqa.selenium.devtools.CdpVersionFinder findNearestMatch
WARNING: Unable to find an exact match for CDP version 138, returning the closest version; found: 135; Please update to a Selenium version that supports CDP version 138
]]></system-err>
  </testcase>
  <testcase name="toCreateCampaignWithMandatoryFieldsTest" classname="Campaign.CampaignTest" time="1.546">
    <system-out><![CDATA[logout
login
]]></system-out>
  </testcase>
  <testcase name="toCreateCampaignWithStatusTest" classname="Campaign.CampaignTest" time="1.607">
    <system-out><![CDATA[logout
login
]]></system-out>
  </testcase>
  <testcase name="toCreateProductTest" classname="Product.ProductTest" time="3.858">
    <system-out><![CDATA[logout
closing browser
launching browser
login
]]></system-out>
    <system-err><![CDATA[Aug 04, 2025 9:30:19 PM org.openqa.selenium.manager.SeleniumManager lambda$runCommand$1
WARNING: There was an error managing msedgedriver (error sending request for url (https://msedgedriver.azureedge.net/LATEST_RELEASE_138_WINDOWS)); using driver found in the cache
Aug 04, 2025 9:30:21 PM org.openqa.selenium.devtools.CdpVersionFinder findNearestMatch
WARNING: Unable to find an exact match for CDP version 138, returning the closest version; found: 135; Please update to a Selenium version that supports CDP version 138
]]></system-err>
  </testcase>
</testsuite>