<?xml version="1.0" encoding="UTF-8"?>
<testng-results ignored="0" total="4" passed="4" failed="0" skipped="0">
  <reporter-output>
  </reporter-output>
  <suite started-at="2025-08-04T21:30:02 IST" name="Surefire suite" finished-at="2025-08-04T21:30:28 IST" duration-ms="25763">
    <groups>
      <group name="regression">
        <method signature="CampaignTest.toCreateCampaignWithExpDateTest()[pri:0, instance:Campaign.CampaignTest@35047d03]" name="toCreateCampaignWithExpDateTest" class="Campaign.CampaignTest"/>
      </group> <!-- regression -->
      <group name="smoke">
        <method signature="CampaignTest.toCreateCampaignWithMandatoryFieldsTest()[pri:0, instance:Campaign.CampaignTest@35047d03]" name="toCreateCampaignWithMandatoryFieldsTest" class="Campaign.CampaignTest"/>
        <method signature="CampaignTest.toCreateCampaignWithStatusTest()[pri:0, instance:Campaign.CampaignTest@35047d03]" name="toCreateCampaignWithStatusTest" class="Campaign.CampaignTest"/>
        <method signature="ProductTest.toCreateProductTest()[pri:0, instance:Product.ProductTest@be64738]" name="toCreateProductTest" class="Product.ProductTest"/>
      </group> <!-- smoke -->
    </groups>
    <test started-at="2025-08-04T21:30:02 IST" name="Surefire test" finished-at="2025-08-04T21:30:28 IST" duration-ms="25763">
      <class name="Product.ProductTest">
        <test-method is-config="true" signature="beforeClass()[pri:0, instance:Product.ProductTest@be64738]" started-at="2025-08-04T21:30:19 IST" name="beforeClass" finished-at="2025-08-04T21:30:21 IST" duration-ms="2135" status="PASS">
          <reporter-output>
          </reporter-output>
        </test-method> <!-- beforeClass -->
        <test-method is-config="true" signature="beforeMethod()[pri:0, instance:Product.ProductTest@be64738]" started-at="2025-08-04T21:30:21 IST" name="beforeMethod" finished-at="2025-08-04T21:30:23 IST" duration-ms="1867" status="PASS">
          <reporter-output>
          </reporter-output>
        </test-method> <!-- beforeMethod -->
        <test-method signature="toCreateProductTest()[pri:0, instance:Product.ProductTest@be64738]" started-at="2025-08-04T21:30:23 IST" name="toCreateProductTest" finished-at="2025-08-04T21:30:27 IST" duration-ms="3862" status="PASS">
          <reporter-output>
          </reporter-output>
        </test-method> <!-- toCreateProductTest -->
        <test-method is-config="true" signature="afterMethod()[pri:0, instance:Product.ProductTest@be64738]" started-at="2025-08-04T21:30:27 IST" name="afterMethod" finished-at="2025-08-04T21:30:28 IST" duration-ms="783" status="PASS">
          <reporter-output>
          </reporter-output>
        </test-method> <!-- afterMethod -->
        <test-method is-config="true" signature="afterClass()[pri:0, instance:Product.ProductTest@be64738]" started-at="2025-08-04T21:30:28 IST" name="afterClass" finished-at="2025-08-04T21:30:28 IST" duration-ms="452" status="PASS">
          <reporter-output>
          </reporter-output>
        </test-method> <!-- afterClass -->
      </class> <!-- Product.ProductTest -->
      <class name="Campaign.CampaignTest">
        <test-method is-config="true" signature="beforeSuite()[pri:0, instance:Campaign.CampaignTest@35047d03]" started-at="2025-08-04T21:30:02 IST" name="beforeSuite" finished-at="2025-08-04T21:30:02 IST" duration-ms="16" status="PASS">
          <reporter-output>
          </reporter-output>
        </test-method> <!-- beforeSuite -->
        <test-method is-config="true" signature="beforeClass()[pri:0, instance:Campaign.CampaignTest@35047d03]" started-at="2025-08-04T21:30:02 IST" name="beforeClass" finished-at="2025-08-04T21:30:05 IST" duration-ms="2947" status="PASS">
          <reporter-output>
          </reporter-output>
        </test-method> <!-- beforeClass -->
        <test-method is-config="true" signature="beforeMethod()[pri:0, instance:Campaign.CampaignTest@35047d03]" started-at="2025-08-04T21:30:05 IST" name="beforeMethod" finished-at="2025-08-04T21:30:07 IST" duration-ms="1784" status="PASS">
          <reporter-output>
          </reporter-output>
        </test-method> <!-- beforeMethod -->
        <test-method signature="toCreateCampaignWithExpDateTest()[pri:0, instance:Campaign.CampaignTest@35047d03]" started-at="2025-08-04T21:30:07 IST" name="toCreateCampaignWithExpDateTest" finished-at="2025-08-04T21:30:10 IST" duration-ms="2764" status="PASS">
          <reporter-output>
          </reporter-output>
        </test-method> <!-- toCreateCampaignWithExpDateTest -->
        <test-method is-config="true" signature="afterMethod()[pri:0, instance:Campaign.CampaignTest@35047d03]" started-at="2025-08-04T21:30:10 IST" name="afterMethod" finished-at="2025-08-04T21:30:11 IST" duration-ms="1143" status="PASS">
          <reporter-output>
          </reporter-output>
        </test-method> <!-- afterMethod -->
        <test-method is-config="true" signature="beforeMethod()[pri:0, instance:Campaign.CampaignTest@35047d03]" started-at="2025-08-04T21:30:11 IST" name="beforeMethod" finished-at="2025-08-04T21:30:12 IST" duration-ms="1306" status="PASS">
          <reporter-output>
          </reporter-output>
        </test-method> <!-- beforeMethod -->
        <test-method signature="toCreateCampaignWithMandatoryFieldsTest()[pri:0, instance:Campaign.CampaignTest@35047d03]" started-at="2025-08-04T21:30:12 IST" name="toCreateCampaignWithMandatoryFieldsTest" finished-at="2025-08-04T21:30:14 IST" duration-ms="1649" status="PASS">
          <reporter-output>
          </reporter-output>
        </test-method> <!-- toCreateCampaignWithMandatoryFieldsTest -->
        <test-method is-config="true" signature="afterMethod()[pri:0, instance:Campaign.CampaignTest@35047d03]" started-at="2025-08-04T21:30:14 IST" name="afterMethod" finished-at="2025-08-04T21:30:15 IST" duration-ms="903" status="PASS">
          <reporter-output>
          </reporter-output>
        </test-method> <!-- afterMethod -->
        <test-method is-config="true" signature="beforeMethod()[pri:0, instance:Campaign.CampaignTest@35047d03]" started-at="2025-08-04T21:30:15 IST" name="beforeMethod" finished-at="2025-08-04T21:30:16 IST" duration-ms="1030" status="PASS">
          <reporter-output>
          </reporter-output>
        </test-method> <!-- beforeMethod -->
        <test-method signature="toCreateCampaignWithStatusTest()[pri:0, instance:Campaign.CampaignTest@35047d03]" started-at="2025-08-04T21:30:16 IST" name="toCreateCampaignWithStatusTest" finished-at="2025-08-04T21:30:18 IST" duration-ms="1611" status="PASS">
          <reporter-output>
          </reporter-output>
        </test-method> <!-- toCreateCampaignWithStatusTest -->
        <test-method is-config="true" signature="afterMethod()[pri:0, instance:Campaign.CampaignTest@35047d03]" started-at="2025-08-04T21:30:18 IST" name="afterMethod" finished-at="2025-08-04T21:30:19 IST" duration-ms="946" status="PASS">
          <reporter-output>
          </reporter-output>
        </test-method> <!-- afterMethod -->
        <test-method is-config="true" signature="afterClass()[pri:0, instance:Campaign.CampaignTest@35047d03]" started-at="2025-08-04T21:30:19 IST" name="afterClass" finished-at="2025-08-04T21:30:19 IST" duration-ms="469" status="PASS">
          <reporter-output>
          </reporter-output>
        </test-method> <!-- afterClass -->
        <test-method is-config="true" signature="afterSuite()[pri:0, instance:Campaign.CampaignTest@35047d03]" started-at="2025-08-04T21:30:28 IST" name="afterSuite" finished-at="2025-08-04T21:30:28 IST" duration-ms="1" status="PASS">
          <reporter-output>
          </reporter-output>
        </test-method> <!-- afterSuite -->
      </class> <!-- Campaign.CampaignTest -->
    </test> <!-- Surefire test -->
  </suite> <!-- Surefire suite -->
</testng-results>
