<?xml version="1.0" encoding="UTF-8"?>
<testng-results ignored="0" total="1" passed="1" failed="0" skipped="0">
  <reporter-output>
  </reporter-output>
  <suite started-at="2025-09-22T11:55:06 IST" name="Default suite" finished-at="2025-09-22T11:55:09 IST" duration-ms="3007">
    <groups>
    </groups>
    <test started-at="2025-09-22T11:55:06 IST" name="Default test" finished-at="2025-09-22T11:55:09 IST" duration-ms="3007">
      <class name="testNGPractice.Assertion">
        <test-method signature="demo()[pri:0, instance:testNGPractice.Assertion@75d4a5c2]" started-at="2025-09-22T11:55:06 IST" name="demo" finished-at="2025-09-22T11:55:09 IST" duration-ms="2945" status="PASS">
          <reporter-output>
          </reporter-output>
        </test-method> <!-- demo -->
      </class> <!-- testNGPractice.Assertion -->
    </test> <!-- Default test -->
  </suite> <!-- Default suite -->
</testng-results>
